nohup: les entrées sont ignorées
[dotenv@17.2.3] injecting env (1) from .env -- tip: ⚙️  suppress all logs with { quiet: true }
Serveur lancé sur http://localhost:3000
[SSE] Client connected: 1767294048695
2026-01-01 23:54:30 [SUCCESS] Serveur démarré sur le port 3000
2026-01-01 23:54:30 [INFO] Configuration: 5 téléchargements max, tous domaines autorisés
2026-01-01 23:55:58 [INFO] Nouveau téléchargement: _176__ANIMES__LeMangaRap_Cookiesan__AMV_-_YouTube | {"url":"https://youtu.be/wDCaC_l8mEw?list=RDwDCaC_l8mEw"}
2026-01-01 23:55:58 [INFO] Utilisation de yt-dlp pour une plateforme vidéo
2026-01-01 23:56:15 [INFO] Nouveau téléchargement: _176__ANIMES__LeMangaRap_Cookiesan__AMV_-_YouTube | {"url":"https://youtu.be/wDCaC_l8mEw?list=RDwDCaC_l8mEw"}
2026-01-01 23:56:15 [INFO] Utilisation de yt-dlp pour une plateforme vidéo
2026-01-01 23:56:28 [INFO] Demande d'annulation pour: d83371f0-e925-424d-8c1d-0914111225ed
2026-01-01 23:56:28 [SUCCESS] Téléchargement annulé: _176__ANIMES__LeMangaRap_Cookiesan__AMV_-_YouTube
2026-01-01 23:56:28 [ERROR] Téléchargement échoué: _176__ANIMES__LeMangaRap_Cookiesan__AMV_-_YouTube | {"error":"Échec (code null)"}
2026-01-01 23:56:31 [INFO] Demande d'annulation pour: 5276f8e2-fc0a-405f-93aa-a6ac51774f3e
2026-01-01 23:56:31 [SUCCESS] Téléchargement annulé: _176__ANIMES__LeMangaRap_Cookiesan__AMV_-_YouTube
2026-01-01 23:56:31 [ERROR] Téléchargement échoué: _176__ANIMES__LeMangaRap_Cookiesan__AMV_-_YouTube | {"error":"Échec (code null)"}
2026-01-01 23:58:26 [INFO] Nouveau téléchargement: Octave_BAHOUN-HOUTOUKPE___Portfolio_D_veloppeur_Web___Mobile | {"url":"https://octavebahoun.github.io/Portefeuille/static/video/vid.webm"}
2026-01-01 23:58:40 [INFO] Demande d'annulation pour: dd4d6037-9f68-4b3b-93e7-72dcd208de7e
2026-01-01 23:58:40 [SUCCESS] Téléchargement annulé: Octave_BAHOUN-HOUTOUKPE___Portfolio_D_veloppeur_Web___Mobile
2026-01-01 23:58:41 [ERROR] Téléchargement échoué: Octave_BAHOUN-HOUTOUKPE___Portfolio_D_veloppeur_Web___Mobile | {"error":"Échec (code 7)"}
2026-01-02 00:00:00 [INFO] État restauré : 0 téléchargements chargés
2026-01-02 00:00:00 [SUCCESS] Serveur démarré sur le port 3000
2026-01-02 00:00:00 [INFO] Configuration: 5 téléchargements max, tous domaines autorisés
2026-01-02 00:00:27 [INFO] Nouveau téléchargement: Octave_BAHOUN-HOUTOUKPE___Portfolio_D_veloppeur_Web___Mobile | {"url":"https://octavebahoun.github.io/Portefeuille/static/video/vid.webm"}
2026-01-02 00:00:31 [SUCCESS] Téléchargement terminé: Octave_BAHOUN-HOUTOUKPE___Portfolio_D_veloppeur_Web___Mobile | {"size":"???"}
2026-01-02 00:00:52 [INFO] Nouveau téléchargement: Octave | {"url":"https://octavebahoun.github.io/Portefeuille/static/video/vid.webm"}
2026-01-02 00:01:01 [INFO] Demande d'annulation pour: 391e49d0-9b2c-48d6-8d54-90ab4f92ca3a
2026-01-02 00:01:01 [SUCCESS] Téléchargement annulé: Octave
2026-01-02 00:01:01 [ERROR] Téléchargement échoué: Octave | {"error":"Échec (code 7)"}
2026-01-02 00:02:02 [INFO] État restauré : 0 téléchargements chargés
2026-01-02 00:02:02 [SUCCESS] Serveur démarré sur le port 3000
2026-01-02 00:02:02 [INFO] Configuration: 5 téléchargements max, tous domaines autorisés
2026-01-02 00:02:30 [INFO] Nouveau téléchargement: Octave_BAHOUN-HOUTOUKPE | {"url":"https://octavebahoun.github.io/Portefeuille/static/video/vid.webm"}
2026-01-02 00:02:41 [INFO] Demande d'annulation pour: 21a74985-e0be-49f3-87b3-cfb93a063208
2026-01-02 00:02:41 [SUCCESS] Téléchargement annulé: Octave_BAHOUN-HOUTOUKPE
2026-01-02 00:02:41 [ERROR] Téléchargement échoué: Octave_BAHOUN-HOUTOUKPE | {"error":"Échec (code 7)"}
2026-01-02 00:36:29 [INFO] Nouveau téléchargement: BAHOUN-HOUTOUKPE___Portfolio_D_veloppeur_Web___Mobile | {"url":"https://octavebahoun.github.io/Portefeuille/static/video/vid.webm"}
2026-01-02 00:36:42 [SUCCESS] Téléchargement terminé: BAHOUN-HOUTOUKPE___Portfolio_D_veloppeur_Web___Mobile | {"size":"???"}
